# JRE version: Java(TM) SE Runtime Environment (8.0_60-b27) (build 1.8.0_60-b27)
# Java VM: Java HotSpot(TM) 64-Bit Server VM (25.60-b23 mixed mode linux-amd64 compressed oops)
Heap:
 PSYoungGen      total 62976K, used 2528K [0x00000000ebd80000, 0x00000000f0080000, 0x0000000100000000)
  eden space 60416K, 0% used [0x00000000ebd80000,0x00000000ebd80000,0x00000000ef880000)
  from space 2560K, 98% used [0x00000000efb80000,0x00000000efdf8020,0x00000000efe00000)
  to   space 2560K, 0% used [0x00000000efe00000,0x00000000efe00000,0x00000000f0080000)
 ParOldGen       total 30720K, used 30531K [0x00000000c3800000, 0x00000000c5600000, 0x00000000ebd80000)
  object space 30720K, 99% used [0x00000000c3800000,0x00000000c55d0ee8,0x00000000c5600000)
 Metaspace       used 28598K, capacity 28844K, committed 29056K, reserved 1075200K
  class space    used 3540K, capacity 3644K, committed 3712K, reserved 1048576K
GC Heap History (10 events):
Event: 1.189 GC heap after
Heap after GC invocations=1 (full 0):
 PSYoungGen      total 18432K, used 2544K [0x00000000ebd80000, 0x00000000ee180000, 0x0000000100000000)
  eden space 15872K, 0% used [0x00000000ebd80000,0x00000000ebd80000,0x00000000ecd00000)
  from space 2560K, 99% used [0x00000000ecd00000,0x00000000ecf7c020,0x00000000ecf80000)
  to   space 2560K, 0% used [0x00000000edf00000,0x00000000edf00000,0x00000000ee180000)
 ParOldGen       total 42496K, used 612K [0x00000000c3800000, 0x00000000c6180000, 0x00000000ebd80000)
  object space 42496K, 1% used [0x00000000c3800000,0x00000000c3899378,0x00000000c6180000)
 Metaspace       used 15330K, capacity 15488K, committed 15616K, reserved 1062912K
  class space    used 1941K, capacity 2032K, committed 2048K, reserved 1048576K
}
Event: 1.502 GC heap before
{Heap before GC invocations=2 (full 0):
 PSYoungGen      total 18432K, used 18416K [0x00000000ebd80000, 0x00000000ee180000, 0x0000000100000000)
  eden space 15872K, 100% used [0x00000000ebd80000,0x00000000ecd00000,0x00000000ecd00000)
  from space 2560K, 99% used [0x00000000ecd00000,0x00000000ecf7c020,0x00000000ecf80000)
  to   space 2560K, 0% used [0x00000000edf00000,0x00000000edf00000,0x00000000ee180000)
 ParOldGen       total 42496K, used 612K [0x00000000c3800000, 0x00000000c6180000, 0x00000000ebd80000)
  object space 42496K, 1% used [0x00000000c3800000,0x00000000c3899378,0x00000000c6180000)
 Metaspace       used 20742K, capacity 20896K, committed 21120K, reserved 1067008K
  class space    used 2542K, capacity 2640K, committed 2688K, reserved 1048576K
Event: 1.529 GC heap after
Heap after GC invocations=2 (full 0):
 PSYoungGen      total 34304K, used 2539K [0x00000000ebd80000, 0x00000000ee180000, 0x0000000100000000)
  eden space 31744K, 0% used [0x00000000ebd80000,0x00000000ebd80000,0x00000000edc80000)
  from space 2560K, 99% used [0x00000000edf00000,0x00000000ee17afa8,0x00000000ee180000)
  to   space 2560K, 0% used [0x00000000edc80000,0x00000000edc80000,0x00000000edf00000)
 ParOldGen       total 42496K, used 4421K [0x00000000c3800000, 0x00000000c6180000, 0x00000000ebd80000)
  object space 42496K, 10% used [0x00000000c3800000,0x00000000c3c51700,0x00000000c6180000)
 Metaspace       used 20742K, capacity 20896K, committed 21120K, reserved 1067008K
  class space    used 2542K, capacity 2640K, committed 2688K, reserved 1048576K
}
Event: 1.535 GC heap before
{Heap before GC invocations=3 (full 0):
 PSYoungGen      total 34304K, used 3900K [0x00000000ebd80000, 0x00000000ee180000, 0x0000000100000000)
  eden space 31744K, 4% used [0x00000000ebd80000,0x00000000ebed4290,0x00000000edc80000)
  from space 2560K, 99% used [0x00000000edf00000,0x00000000ee17afa8,0x00000000ee180000)
  to   space 2560K, 0% used [0x00000000edc80000,0x00000000edc80000,0x00000000edf00000)
 ParOldGen       total 42496K, used 4421K [0x00000000c3800000, 0x00000000c6180000, 0x00000000ebd80000)
  object space 42496K, 10% used [0x00000000c3800000,0x00000000c3c51700,0x00000000c6180000)
 Metaspace       used 20964K, capacity 21152K, committed 21296K, reserved 1069056K
  class space    used 2561K, capacity 2640K, committed 2688K, reserved 1048576K
Event: 1.540 GC heap after
Heap after GC invocations=3 (full 0):
 PSYoungGen      total 34304K, used 2528K [0x00000000ebd80000, 0x00000000f0080000, 0x0000000100000000)
  eden space 31744K, 0% used [0x00000000ebd80000,0x00000000ebd80000,0x00000000edc80000)
  from space 2560K, 98% used [0x00000000edc80000,0x00000000edef8120,0x00000000edf00000)
  to   space 2560K, 0% used [0x00000000efe00000,0x00000000efe00000,0x00000000f0080000)
 ParOldGen       total 42496K, used 4524K [0x00000000c3800000, 0x00000000c6180000, 0x00000000ebd80000)
  object space 42496K, 10% used [0x00000000c3800000,0x00000000c3c6b1b0,0x00000000c6180000)
 Metaspace       used 20964K, capacity 21152K, committed 21296K, reserved 1069056K
  class space    used 2561K, capacity 2640K, committed 2688K, reserved 1048576K
}
Event: 1.540 GC heap before
{Heap before GC invocations=4 (full 1):
 PSYoungGen      total 34304K, used 2528K [0x00000000ebd80000, 0x00000000f0080000, 0x0000000100000000)
  eden space 31744K, 0% used [0x00000000ebd80000,0x00000000ebd80000,0x00000000edc80000)
  from space 2560K, 98% used [0x00000000edc80000,0x00000000edef8120,0x00000000edf00000)
  to   space 2560K, 0% used [0x00000000efe00000,0x00000000efe00000,0x00000000f0080000)
 ParOldGen       total 42496K, used 4524K [0x00000000c3800000, 0x00000000c6180000, 0x00000000ebd80000)
  object space 42496K, 10% used [0x00000000c3800000,0x00000000c3c6b1b0,0x00000000c6180000)
 Metaspace       used 20964K, capacity 21152K, committed 21296K, reserved 1069056K
  class space    used 2561K, capacity 2640K, committed 2688K, reserved 1048576K
Event: 1.565 GC heap after
Heap after GC invocations=4 (full 1):
 PSYoungGen      total 34304K, used 0K [0x00000000ebd80000, 0x00000000f0080000, 0x0000000100000000)
  eden space 31744K, 0% used [0x00000000ebd80000,0x00000000ebd80000,0x00000000edc80000)
  from space 2560K, 0% used [0x00000000edc80000,0x00000000edc80000,0x00000000edf00000)
  to   space 2560K, 0% used [0x00000000efe00000,0x00000000efe00000,0x00000000f0080000)
 ParOldGen       total 26112K, used 3739K [0x00000000c3800000, 0x00000000c5180000, 0x00000000ebd80000)
  object space 26112K, 14% used [0x00000000c3800000,0x00000000c3ba6f00,0x00000000c5180000)
 Metaspace       used 20964K, capacity 21152K, committed 21296K, reserved 1069056K
  class space    used 2561K, capacity 2640K, committed 2688K, reserved 1048576K
}
Event: 2.125 GC heap before
{Heap before GC invocations=5 (full 1):
 PSYoungGen      total 34304K, used 31744K [0x00000000ebd80000, 0x00000000f0080000, 0x0000000100000000)
  eden space 31744K, 100% used [0x00000000ebd80000,0x00000000edc80000,0x00000000edc80000)
  from space 2560K, 0% used [0x00000000edc80000,0x00000000edc80000,0x00000000edf00000)
  to   space 2560K, 0% used [0x00000000efe00000,0x00000000efe00000,0x00000000f0080000)
 ParOldGen       total 26112K, used 3739K [0x00000000c3800000, 0x00000000c5180000, 0x00000000ebd80000)
  object space 26112K, 14% used [0x00000000c3800000,0x00000000c3ba6f00,0x00000000c5180000)
 Metaspace       used 25641K, capacity 25862K, committed 26240K, reserved 1073152K
  class space    used 3256K, capacity 3355K, committed 3456K, reserved 1048576K
Event: 2.143 GC heap after
Heap after GC invocations=5 (full 1):
 PSYoungGen      total 62976K, used 2544K [0x00000000ebd80000, 0x00000000f0080000, 0x0000000100000000)
  eden space 60416K, 0% used [0x00000000ebd80000,0x00000000ebd80000,0x00000000ef880000)
  from space 2560K, 99% used [0x00000000efe00000,0x00000000f007c378,0x00000000f0080000)
  to   space 2560K, 0% used [0x00000000efb80000,0x00000000efb80000,0x00000000efe00000)
 ParOldGen       total 26112K, used 9786K [0x00000000c3800000, 0x00000000c5180000, 0x00000000ebd80000)
  object space 26112K, 37% used [0x00000000c3800000,0x00000000c418eac0,0x00000000c5180000)
 Metaspace       used 25641K, capacity 25862K, committed 26240K, reserved 1073152K
  class space    used 3256K, capacity 3355K, committed 3456K, reserved 1048576K
}
Event: 3.029 GC heap before
{Heap before GC invocations=6 (full 1):
 PSYoungGen      total 62976K, used 62960K [0x00000000ebd80000, 0x00000000f0080000, 0x0000000100000000)
  eden space 60416K, 100% used [0x00000000ebd80000,0x00000000ef880000,0x00000000ef880000)
  from space 2560K, 99% used [0x00000000efe00000,0x00000000f007c378,0x00000000f0080000)
  to   space 2560K, 0% used [0x00000000efb80000,0x00000000efb80000,0x00000000efe00000)
 ParOldGen       total 26112K, used 9786K [0x00000000c3800000, 0x00000000c5180000, 0x00000000ebd80000)
  object space 26112K, 37% used [0x00000000c3800000,0x00000000c418eac0,0x00000000c5180000)
 Metaspace       used 28598K, capacity 28844K, committed 29056K, reserved 1075200K
  class space    used 3540K, capacity 3644K, committed 3712K, reserved 1048576K

