# JRE version: Java(TM) SE Runtime Environment (8.0_60-b27) (build 1.8.0_60-b27)
# Java VM: Java HotSpot(TM) 64-Bit Server VM (25.60-b23 mixed mode linux-amd64 compressed oops)
Heap:
 PSYoungGen      total 32256K, used 2560K [0x00000000ebd80000, 0x00000000ee180000, 0x0000000100000000)
  eden space 29696K, 0% used [0x00000000ebd80000,0x00000000ebd80000,0x00000000eda80000)
  from space 2560K, 100% used [0x00000000edc80000,0x00000000edf00000,0x00000000edf00000)
  to   space 2560K, 0% used [0x00000000edf00000,0x00000000edf00000,0x00000000ee180000)
 ParOldGen       total 26624K, used 13707K [0x00000000c3800000, 0x00000000c5200000, 0x00000000ebd80000)
  object space 26624K, 51% used [0x00000000c3800000,0x00000000c4562ff0,0x00000000c5200000)
 Metaspace       used 25668K, capacity 25862K, committed 26240K, reserved 1073152K
  class space    used 3256K, capacity 3355K, committed 3456K, reserved 1048576K
GC Heap History (10 events):
Event: 1.291 GC heap after
Heap after GC invocations=1 (full 0):
 PSYoungGen      total 18432K, used 2546K [0x00000000ebd80000, 0x00000000ed200000, 0x0000000100000000)
  eden space 15872K, 0% used [0x00000000ebd80000,0x00000000ebd80000,0x00000000ecd00000)
  from space 2560K, 99% used [0x00000000ecd00000,0x00000000ecf7c850,0x00000000ecf80000)
  to   space 2560K, 0% used [0x00000000ecf80000,0x00000000ecf80000,0x00000000ed200000)
 ParOldGen       total 42496K, used 577K [0x00000000c3800000, 0x00000000c6180000, 0x00000000ebd80000)
  object space 42496K, 1% used [0x00000000c3800000,0x00000000c38906b0,0x00000000c6180000)
 Metaspace       used 15364K, capacity 15552K, committed 15616K, reserved 1062912K
  class space    used 1941K, capacity 2032K, committed 2048K, reserved 1048576K
}
Event: 1.606 GC heap before
{Heap before GC invocations=2 (full 0):
 PSYoungGen      total 18432K, used 18418K [0x00000000ebd80000, 0x00000000ed200000, 0x0000000100000000)
  eden space 15872K, 100% used [0x00000000ebd80000,0x00000000ecd00000,0x00000000ecd00000)
  from space 2560K, 99% used [0x00000000ecd00000,0x00000000ecf7c850,0x00000000ecf80000)
  to   space 2560K, 0% used [0x00000000ecf80000,0x00000000ecf80000,0x00000000ed200000)
 ParOldGen       total 42496K, used 577K [0x00000000c3800000, 0x00000000c6180000, 0x00000000ebd80000)
  object space 42496K, 1% used [0x00000000c3800000,0x00000000c38906b0,0x00000000c6180000)
 Metaspace       used 20774K, capacity 20960K, committed 21120K, reserved 1067008K
  class space    used 2542K, capacity 2640K, committed 2688K, reserved 1048576K
Event: 1.625 GC heap after
Heap after GC invocations=2 (full 0):
 PSYoungGen      total 18432K, used 2539K [0x00000000ebd80000, 0x00000000ee180000, 0x0000000100000000)
  eden space 15872K, 0% used [0x00000000ebd80000,0x00000000ebd80000,0x00000000ecd00000)
  from space 2560K, 99% used [0x00000000ecf80000,0x00000000ed1faf98,0x00000000ed200000)
  to   space 2560K, 0% used [0x00000000ecd00000,0x00000000ecd00000,0x00000000ecf80000)
 ParOldGen       total 42496K, used 4438K [0x00000000c3800000, 0x00000000c6180000, 0x00000000ebd80000)
  object space 42496K, 10% used [0x00000000c3800000,0x00000000c3c55a60,0x00000000c6180000)
 Metaspace       used 20774K, capacity 20960K, committed 21120K, reserved 1067008K
  class space    used 2542K, capacity 2640K, committed 2688K, reserved 1048576K
}
Event: 1.633 GC heap before
{Heap before GC invocations=3 (full 0):
 PSYoungGen      total 18432K, used 3298K [0x00000000ebd80000, 0x00000000ee180000, 0x0000000100000000)
  eden space 15872K, 4% used [0x00000000ebd80000,0x00000000ebe3dc28,0x00000000ecd00000)
  from space 2560K, 99% used [0x00000000ecf80000,0x00000000ed1faf98,0x00000000ed200000)
  to   space 2560K, 0% used [0x00000000ecd00000,0x00000000ecd00000,0x00000000ecf80000)
 ParOldGen       total 42496K, used 4438K [0x00000000c3800000, 0x00000000c6180000, 0x00000000ebd80000)
  object space 42496K, 10% used [0x00000000c3800000,0x00000000c3c55a60,0x00000000c6180000)
 Metaspace       used 20995K, capacity 21152K, committed 21296K, reserved 1069056K
  class space    used 2560K, capacity 2640K, committed 2688K, reserved 1048576K
Event: 1.636 GC heap after
Heap after GC invocations=3 (full 0):
 PSYoungGen      total 18432K, used 2514K [0x00000000ebd80000, 0x00000000ee180000, 0x0000000100000000)
  eden space 15872K, 0% used [0x00000000ebd80000,0x00000000ebd80000,0x00000000ecd00000)
  from space 2560K, 98% used [0x00000000ecd00000,0x00000000ecf74a00,0x00000000ecf80000)
  to   space 2560K, 0% used [0x00000000edf00000,0x00000000edf00000,0x00000000ee180000)
 ParOldGen       total 42496K, used 4509K [0x00000000c3800000, 0x00000000c6180000, 0x00000000ebd80000)
  object space 42496K, 10% used [0x00000000c3800000,0x00000000c3c67420,0x00000000c6180000)
 Metaspace       used 20995K, capacity 21152K, committed 21296K, reserved 1069056K
  class space    used 2560K, capacity 2640K, committed 2688K, reserved 1048576K
}
Event: 1.636 GC heap before
{Heap before GC invocations=4 (full 1):
 PSYoungGen      total 18432K, used 2514K [0x00000000ebd80000, 0x00000000ee180000, 0x0000000100000000)
  eden space 15872K, 0% used [0x00000000ebd80000,0x00000000ebd80000,0x00000000ecd00000)
  from space 2560K, 98% used [0x00000000ecd00000,0x00000000ecf74a00,0x00000000ecf80000)
  to   space 2560K, 0% used [0x00000000edf00000,0x00000000edf00000,0x00000000ee180000)
 ParOldGen       total 42496K, used 4509K [0x00000000c3800000, 0x00000000c6180000, 0x00000000ebd80000)
  object space 42496K, 10% used [0x00000000c3800000,0x00000000c3c67420,0x00000000c6180000)
 Metaspace       used 20995K, capacity 21152K, committed 21296K, reserved 1069056K
  class space    used 2560K, capacity 2640K, committed 2688K, reserved 1048576K
Event: 1.665 GC heap after
Heap after GC invocations=4 (full 1):
 PSYoungGen      total 18432K, used 0K [0x00000000ebd80000, 0x00000000ee180000, 0x0000000100000000)
  eden space 15872K, 0% used [0x00000000ebd80000,0x00000000ebd80000,0x00000000ecd00000)
  from space 2560K, 0% used [0x00000000ecd00000,0x00000000ecd00000,0x00000000ecf80000)
  to   space 2560K, 0% used [0x00000000edf00000,0x00000000edf00000,0x00000000ee180000)
 ParOldGen       total 26624K, used 3716K [0x00000000c3800000, 0x00000000c5200000, 0x00000000ebd80000)
  object space 26624K, 13% used [0x00000000c3800000,0x00000000c3ba1268,0x00000000c5200000)
 Metaspace       used 20995K, capacity 21152K, committed 21296K, reserved 1069056K
  class space    used 2560K, capacity 2640K, committed 2688K, reserved 1048576K
}
Event: 2.220 GC heap before
{Heap before GC invocations=5 (full 1):
 PSYoungGen      total 18432K, used 15872K [0x00000000ebd80000, 0x00000000ee180000, 0x0000000100000000)
  eden space 15872K, 100% used [0x00000000ebd80000,0x00000000ecd00000,0x00000000ecd00000)
  from space 2560K, 0% used [0x00000000ecd00000,0x00000000ecd00000,0x00000000ecf80000)
  to   space 2560K, 0% used [0x00000000edf00000,0x00000000edf00000,0x00000000ee180000)
 ParOldGen       total 26624K, used 3716K [0x00000000c3800000, 0x00000000c5200000, 0x00000000ebd80000)
  object space 26624K, 13% used [0x00000000c3800000,0x00000000c3ba1268,0x00000000c5200000)
 Metaspace       used 25157K, capacity 25394K, committed 25600K, reserved 1071104K
  class space    used 3194K, capacity 3286K, committed 3328K, reserved 1048576K
Event: 2.230 GC heap after
Heap after GC invocations=5 (full 1):
 PSYoungGen      total 32256K, used 2547K [0x00000000ebd80000, 0x00000000ee180000, 0x0000000100000000)
  eden space 29696K, 0% used [0x00000000ebd80000,0x00000000ebd80000,0x00000000eda80000)
  from space 2560K, 99% used [0x00000000edf00000,0x00000000ee17cf68,0x00000000ee180000)
  to   space 2560K, 0% used [0x00000000edc80000,0x00000000edc80000,0x00000000edf00000)
 ParOldGen       total 26624K, used 5706K [0x00000000c3800000, 0x00000000c5200000, 0x00000000ebd80000)
  object space 26624K, 21% used [0x00000000c3800000,0x00000000c3d92a78,0x00000000c5200000)
 Metaspace       used 25157K, capacity 25394K, committed 25600K, reserved 1071104K
  class space    used 3194K, capacity 3286K, committed 3328K, reserved 1048576K
}
Event: 2.483 GC heap before
{Heap before GC invocations=6 (full 1):
 PSYoungGen      total 32256K, used 32243K [0x00000000ebd80000, 0x00000000ee180000, 0x0000000100000000)
  eden space 29696K, 100% used [0x00000000ebd80000,0x00000000eda80000,0x00000000eda80000)
  from space 2560K, 99% used [0x00000000edf00000,0x00000000ee17cf68,0x00000000ee180000)
  to   space 2560K, 0% used [0x00000000edc80000,0x00000000edc80000,0x00000000edf00000)
 ParOldGen       total 26624K, used 5706K [0x00000000c3800000, 0x00000000c5200000, 0x00000000ebd80000)
  object space 26624K, 21% used [0x00000000c3800000,0x00000000c3d92a78,0x00000000c5200000)
 Metaspace       used 25668K, capacity 25862K, committed 26240K, reserved 1073152K
  class space    used 3256K, capacity 3355K, committed 3456K, reserved 1048576K

