# JRE version: Java(TM) SE Runtime Environment (8.0_60-b27) (build 1.8.0_60-b27)
# Java VM: Java HotSpot(TM) 64-Bit Server VM (25.60-b23 mixed mode linux-amd64 compressed oops)
Heap:
 PSYoungGen      total 61440K, used 2528K [0x00000000ebd80000, 0x00000000f0080000, 0x0000000100000000)
  eden space 58880K, 0% used [0x00000000ebd80000,0x00000000ebd80000,0x00000000ef700000)
  from space 2560K, 98% used [0x00000000efb80000,0x00000000efdf8040,0x00000000efe00000)
  to   space 2560K, 0% used [0x00000000efe00000,0x00000000efe00000,0x00000000f0080000)
 ParOldGen       total 30720K, used 30354K [0x00000000c3800000, 0x00000000c5600000, 0x00000000ebd80000)
  object space 30720K, 98% used [0x00000000c3800000,0x00000000c55a4a70,0x00000000c5600000)
 Metaspace       used 28188K, capacity 28492K, committed 28800K, reserved 1075200K
  class space    used 3485K, capacity 3612K, committed 3712K, reserved 1048576K
GC Heap History (10 events):
Event: 1.200 GC heap after
Heap after GC invocations=1 (full 0):
 PSYoungGen      total 18432K, used 2546K [0x00000000ebd80000, 0x00000000ee180000, 0x0000000100000000)
  eden space 15872K, 0% used [0x00000000ebd80000,0x00000000ebd80000,0x00000000ecd00000)
  from space 2560K, 99% used [0x00000000ecd00000,0x00000000ecf7c850,0x00000000ecf80000)
  to   space 2560K, 0% used [0x00000000edf00000,0x00000000edf00000,0x00000000ee180000)
 ParOldGen       total 42496K, used 609K [0x00000000c3800000, 0x00000000c6180000, 0x00000000ebd80000)
  object space 42496K, 1% used [0x00000000c3800000,0x00000000c38986b0,0x00000000c6180000)
 Metaspace       used 15341K, capacity 15488K, committed 15616K, reserved 1062912K
  class space    used 1940K, capacity 2032K, committed 2048K, reserved 1048576K
}
Event: 1.518 GC heap before
{Heap before GC invocations=2 (full 0):
 PSYoungGen      total 18432K, used 18418K [0x00000000ebd80000, 0x00000000ee180000, 0x0000000100000000)
  eden space 15872K, 100% used [0x00000000ebd80000,0x00000000ecd00000,0x00000000ecd00000)
  from space 2560K, 99% used [0x00000000ecd00000,0x00000000ecf7c850,0x00000000ecf80000)
  to   space 2560K, 0% used [0x00000000edf00000,0x00000000edf00000,0x00000000ee180000)
 ParOldGen       total 42496K, used 609K [0x00000000c3800000, 0x00000000c6180000, 0x00000000ebd80000)
  object space 42496K, 1% used [0x00000000c3800000,0x00000000c38986b0,0x00000000c6180000)
 Metaspace       used 20755K, capacity 20960K, committed 21120K, reserved 1067008K
  class space    used 2542K, capacity 2640K, committed 2688K, reserved 1048576K
Event: 1.542 GC heap after
Heap after GC invocations=2 (full 0):
 PSYoungGen      total 34304K, used 2557K [0x00000000ebd80000, 0x00000000ee180000, 0x0000000100000000)
  eden space 31744K, 0% used [0x00000000ebd80000,0x00000000ebd80000,0x00000000edc80000)
  from space 2560K, 99% used [0x00000000edf00000,0x00000000ee17f7c8,0x00000000ee180000)
  to   space 2560K, 0% used [0x00000000edc80000,0x00000000edc80000,0x00000000edf00000)
 ParOldGen       total 42496K, used 4400K [0x00000000c3800000, 0x00000000c6180000, 0x00000000ebd80000)
  object space 42496K, 10% used [0x00000000c3800000,0x00000000c3c4c028,0x00000000c6180000)
 Metaspace       used 20755K, capacity 20960K, committed 21120K, reserved 1067008K
  class space    used 2542K, capacity 2640K, committed 2688K, reserved 1048576K
}
Event: 1.552 GC heap before
{Heap before GC invocations=3 (full 0):
 PSYoungGen      total 34304K, used 3918K [0x00000000ebd80000, 0x00000000ee180000, 0x0000000100000000)
  eden space 31744K, 4% used [0x00000000ebd80000,0x00000000ebed4250,0x00000000edc80000)
  from space 2560K, 99% used [0x00000000edf00000,0x00000000ee17f7c8,0x00000000ee180000)
  to   space 2560K, 0% used [0x00000000edc80000,0x00000000edc80000,0x00000000edf00000)
 ParOldGen       total 42496K, used 4400K [0x00000000c3800000, 0x00000000c6180000, 0x00000000ebd80000)
  object space 42496K, 10% used [0x00000000c3800000,0x00000000c3c4c028,0x00000000c6180000)
 Metaspace       used 20980K, capacity 21152K, committed 21296K, reserved 1069056K
  class space    used 2561K, capacity 2640K, committed 2688K, reserved 1048576K
Event: 1.559 GC heap after
Heap after GC invocations=3 (full 0):
 PSYoungGen      total 34304K, used 2544K [0x00000000ebd80000, 0x00000000f0080000, 0x0000000100000000)
  eden space 31744K, 0% used [0x00000000ebd80000,0x00000000ebd80000,0x00000000edc80000)
  from space 2560K, 99% used [0x00000000edc80000,0x00000000edefc150,0x00000000edf00000)
  to   space 2560K, 0% used [0x00000000efe00000,0x00000000efe00000,0x00000000f0080000)
 ParOldGen       total 42496K, used 4502K [0x00000000c3800000, 0x00000000c6180000, 0x00000000ebd80000)
  object space 42496K, 10% used [0x00000000c3800000,0x00000000c3c65ad8,0x00000000c6180000)
 Metaspace       used 20980K, capacity 21152K, committed 21296K, reserved 1069056K
  class space    used 2561K, capacity 2640K, committed 2688K, reserved 1048576K
}
Event: 1.559 GC heap before
{Heap before GC invocations=4 (full 1):
 PSYoungGen      total 34304K, used 2544K [0x00000000ebd80000, 0x00000000f0080000, 0x0000000100000000)
  eden space 31744K, 0% used [0x00000000ebd80000,0x00000000ebd80000,0x00000000edc80000)
  from space 2560K, 99% used [0x00000000edc80000,0x00000000edefc150,0x00000000edf00000)
  to   space 2560K, 0% used [0x00000000efe00000,0x00000000efe00000,0x00000000f0080000)
 ParOldGen       total 42496K, used 4502K [0x00000000c3800000, 0x00000000c6180000, 0x00000000ebd80000)
  object space 42496K, 10% used [0x00000000c3800000,0x00000000c3c65ad8,0x00000000c6180000)
 Metaspace       used 20980K, capacity 21152K, committed 21296K, reserved 1069056K
  class space    used 2561K, capacity 2640K, committed 2688K, reserved 1048576K
Event: 1.596 GC heap after
Heap after GC invocations=4 (full 1):
 PSYoungGen      total 34304K, used 0K [0x00000000ebd80000, 0x00000000f0080000, 0x0000000100000000)
  eden space 31744K, 0% used [0x00000000ebd80000,0x00000000ebd80000,0x00000000edc80000)
  from space 2560K, 0% used [0x00000000edc80000,0x00000000edc80000,0x00000000edf00000)
  to   space 2560K, 0% used [0x00000000efe00000,0x00000000efe00000,0x00000000f0080000)
 ParOldGen       total 26624K, used 3967K [0x00000000c3800000, 0x00000000c5200000, 0x00000000ebd80000)
  object space 26624K, 14% used [0x00000000c3800000,0x00000000c3bdfc98,0x00000000c5200000)
 Metaspace       used 20980K, capacity 21152K, committed 21296K, reserved 1069056K
  class space    used 2561K, capacity 2640K, committed 2688K, reserved 1048576K
}
Event: 2.166 GC heap before
{Heap before GC invocations=5 (full 1):
 PSYoungGen      total 34304K, used 31744K [0x00000000ebd80000, 0x00000000f0080000, 0x0000000100000000)
  eden space 31744K, 100% used [0x00000000ebd80000,0x00000000edc80000,0x00000000edc80000)
  from space 2560K, 0% used [0x00000000edc80000,0x00000000edc80000,0x00000000edf00000)
  to   space 2560K, 0% used [0x00000000efe00000,0x00000000efe00000,0x00000000f0080000)
 ParOldGen       total 26624K, used 3967K [0x00000000c3800000, 0x00000000c5200000, 0x00000000ebd80000)
  object space 26624K, 14% used [0x00000000c3800000,0x00000000c3bdfc98,0x00000000c5200000)
 Metaspace       used 25649K, capacity 25862K, committed 26240K, reserved 1073152K
  class space    used 3256K, capacity 3355K, committed 3456K, reserved 1048576K
Event: 2.190 GC heap after
Heap after GC invocations=5 (full 1):
 PSYoungGen      total 61440K, used 2544K [0x00000000ebd80000, 0x00000000f0080000, 0x0000000100000000)
  eden space 58880K, 0% used [0x00000000ebd80000,0x00000000ebd80000,0x00000000ef700000)
  from space 2560K, 99% used [0x00000000efe00000,0x00000000f007c378,0x00000000f0080000)
  to   space 2560K, 0% used [0x00000000efb80000,0x00000000efb80000,0x00000000efe00000)
 ParOldGen       total 26624K, used 9999K [0x00000000c3800000, 0x00000000c5200000, 0x00000000ebd80000)
  object space 26624K, 37% used [0x00000000c3800000,0x00000000c41c3d80,0x00000000c5200000)
 Metaspace       used 25649K, capacity 25862K, committed 26240K, reserved 1073152K
  class space    used 3256K, capacity 3355K, committed 3456K, reserved 1048576K
}
Event: 5.089 GC heap before
{Heap before GC invocations=6 (full 1):
 PSYoungGen      total 61440K, used 61424K [0x00000000ebd80000, 0x00000000f0080000, 0x0000000100000000)
  eden space 58880K, 100% used [0x00000000ebd80000,0x00000000ef700000,0x00000000ef700000)
  from space 2560K, 99% used [0x00000000efe00000,0x00000000f007c378,0x00000000f0080000)
  to   space 2560K, 0% used [0x00000000efb80000,0x00000000efb80000,0x00000000efe00000)
 ParOldGen       total 26624K, used 9999K [0x00000000c3800000, 0x00000000c5200000, 0x00000000ebd80000)
  object space 26624K, 37% used [0x00000000c3800000,0x00000000c41c3d80,0x00000000c5200000)
 Metaspace       used 28188K, capacity 28492K, committed 28800K, reserved 1075200K
  class space    used 3485K, capacity 3612K, committed 3712K, reserved 1048576K

